2019-07-05 14:04:47.538 [main] ERROR org.apache.catalina.core.AprLifecycleListener - An incompatible version [1.2.12] of the APR based Apache Tomcat Native library is installed, while Tomcat requires version [1.2.14]
2019-07-05 14:04:48.266 [main] ERROR org.apache.catalina.core.AprLifecycleListener - An incompatible version [1.2.12] of the APR based Apache Tomcat Native library is installed, while Tomcat requires version [1.2.14]
2019-07-05 14:04:48.423 [main] ERROR org.apache.catalina.core.AprLifecycleListener - An incompatible version [1.2.12] of the APR based Apache Tomcat Native library is installed, while Tomcat requires version [1.2.14]
2019-07-05 14:07:56.967 [http-nio-8080-exec-3] ERROR o.a.c.c.C.[.[.[/common].[dispatcherServlet] - Servlet.service() for servlet [dispatcherServlet] in context with path [/common] threw exception [Request processing failed; nested exception is org.springframework.data.redis.RedisSystemException: Error in execution; nested exception is io.lettuce.core.RedisCommandExecutionException: NOAUTH Authentication required.] with root cause
io.lettuce.core.RedisCommandExecutionException: NOAUTH Authentication required.
	at io.lettuce.core.ExceptionFactory.createExecutionException(ExceptionFactory.java:135)
	at io.lettuce.core.ExceptionFactory.createExecutionException(ExceptionFactory.java:108)
	at io.lettuce.core.protocol.AsyncCommand.completeResult(AsyncCommand.java:120)
	at io.lettuce.core.protocol.AsyncCommand.complete(AsyncCommand.java:111)
	at io.lettuce.core.protocol.CommandHandler.complete(CommandHandler.java:646)
	at io.lettuce.core.protocol.CommandHandler.decode(CommandHandler.java:604)
	at io.lettuce.core.protocol.CommandHandler.channelRead(CommandHandler.java:556)
	at io.netty.channel.AbstractChannelHandlerContext.invokeChannelRead(AbstractChannelHandlerContext.java:374)
	at io.netty.channel.AbstractChannelHandlerContext.invokeChannelRead(AbstractChannelHandlerContext.java:360)
	at io.netty.channel.AbstractChannelHandlerContext.fireChannelRead(AbstractChannelHandlerContext.java:352)
	at io.netty.channel.DefaultChannelPipeline$HeadContext.channelRead(DefaultChannelPipeline.java:1408)
	at io.netty.channel.AbstractChannelHandlerContext.invokeChannelRead(AbstractChannelHandlerContext.java:374)
	at io.netty.channel.AbstractChannelHandlerContext.invokeChannelRead(AbstractChannelHandlerContext.java:360)
	at io.netty.channel.DefaultChannelPipeline.fireChannelRead(DefaultChannelPipeline.java:930)
	at io.netty.channel.nio.AbstractNioByteChannel$NioByteUnsafe.read(AbstractNioByteChannel.java:163)
	at io.netty.channel.nio.NioEventLoop.processSelectedKey(NioEventLoop.java:682)
	at io.netty.channel.nio.NioEventLoop.processSelectedKeysOptimized(NioEventLoop.java:617)
	at io.netty.channel.nio.NioEventLoop.processSelectedKeys(NioEventLoop.java:534)
	at io.netty.channel.nio.NioEventLoop.run(NioEventLoop.java:496)
	at io.netty.util.concurrent.SingleThreadEventExecutor$5.run(SingleThreadEventExecutor.java:906)
	at io.netty.util.internal.ThreadExecutorMap$2.run(ThreadExecutorMap.java:74)
	at io.netty.util.concurrent.FastThreadLocalRunnable.run(FastThreadLocalRunnable.java:30)
	at java.lang.Thread.run(Thread.java:745)
2019-07-05 14:24:47.680 [main] ERROR org.apache.catalina.core.AprLifecycleListener - An incompatible version [1.2.12] of the APR based Apache Tomcat Native library is installed, while Tomcat requires version [1.2.14]
2019-07-05 14:24:48.292 [main] ERROR org.apache.catalina.core.AprLifecycleListener - An incompatible version [1.2.12] of the APR based Apache Tomcat Native library is installed, while Tomcat requires version [1.2.14]
2019-07-05 14:24:48.441 [main] ERROR org.apache.catalina.core.AprLifecycleListener - An incompatible version [1.2.12] of the APR based Apache Tomcat Native library is installed, while Tomcat requires version [1.2.14]
2019-07-05 14:27:01.294 [http-nio-8080-exec-1] ERROR o.a.c.c.C.[.[.[/common].[dispatcherServlet] - Servlet.service() for servlet [dispatcherServlet] in context with path [/common] threw exception [Request processing failed; nested exception is org.springframework.data.redis.RedisSystemException: Error in execution; nested exception is io.lettuce.core.RedisCommandExecutionException: NOAUTH Authentication required.] with root cause
io.lettuce.core.RedisCommandExecutionException: NOAUTH Authentication required.
	at io.lettuce.core.ExceptionFactory.createExecutionException(ExceptionFactory.java:135)
	at io.lettuce.core.ExceptionFactory.createExecutionException(ExceptionFactory.java:108)
	at io.lettuce.core.protocol.AsyncCommand.completeResult(AsyncCommand.java:120)
	at io.lettuce.core.protocol.AsyncCommand.complete(AsyncCommand.java:111)
	at io.lettuce.core.protocol.CommandHandler.complete(CommandHandler.java:646)
	at io.lettuce.core.protocol.CommandHandler.decode(CommandHandler.java:604)
	at io.lettuce.core.protocol.CommandHandler.channelRead(CommandHandler.java:556)
	at io.netty.channel.AbstractChannelHandlerContext.invokeChannelRead(AbstractChannelHandlerContext.java:374)
	at io.netty.channel.AbstractChannelHandlerContext.invokeChannelRead(AbstractChannelHandlerContext.java:360)
	at io.netty.channel.AbstractChannelHandlerContext.fireChannelRead(AbstractChannelHandlerContext.java:352)
	at io.netty.channel.DefaultChannelPipeline$HeadContext.channelRead(DefaultChannelPipeline.java:1408)
	at io.netty.channel.AbstractChannelHandlerContext.invokeChannelRead(AbstractChannelHandlerContext.java:374)
	at io.netty.channel.AbstractChannelHandlerContext.invokeChannelRead(AbstractChannelHandlerContext.java:360)
	at io.netty.channel.DefaultChannelPipeline.fireChannelRead(DefaultChannelPipeline.java:930)
	at io.netty.channel.nio.AbstractNioByteChannel$NioByteUnsafe.read(AbstractNioByteChannel.java:163)
	at io.netty.channel.nio.NioEventLoop.processSelectedKey(NioEventLoop.java:682)
	at io.netty.channel.nio.NioEventLoop.processSelectedKeysOptimized(NioEventLoop.java:617)
	at io.netty.channel.nio.NioEventLoop.processSelectedKeys(NioEventLoop.java:534)
	at io.netty.channel.nio.NioEventLoop.run(NioEventLoop.java:496)
	at io.netty.util.concurrent.SingleThreadEventExecutor$5.run(SingleThreadEventExecutor.java:906)
	at io.netty.util.internal.ThreadExecutorMap$2.run(ThreadExecutorMap.java:74)
	at io.netty.util.concurrent.FastThreadLocalRunnable.run(FastThreadLocalRunnable.java:30)
	at java.lang.Thread.run(Thread.java:745)
2019-07-05 14:27:42.467 [main] ERROR org.apache.catalina.core.AprLifecycleListener - An incompatible version [1.2.12] of the APR based Apache Tomcat Native library is installed, while Tomcat requires version [1.2.14]
2019-07-05 14:27:43.071 [main] ERROR org.apache.catalina.core.AprLifecycleListener - An incompatible version [1.2.12] of the APR based Apache Tomcat Native library is installed, while Tomcat requires version [1.2.14]
2019-07-05 14:27:43.199 [main] ERROR org.apache.catalina.core.AprLifecycleListener - An incompatible version [1.2.12] of the APR based Apache Tomcat Native library is installed, while Tomcat requires version [1.2.14]
2019-07-05 14:29:44.804 [main] ERROR org.apache.catalina.core.AprLifecycleListener - An incompatible version [1.2.12] of the APR based Apache Tomcat Native library is installed, while Tomcat requires version [1.2.14]
2019-07-05 14:29:45.471 [main] ERROR org.apache.catalina.core.AprLifecycleListener - An incompatible version [1.2.12] of the APR based Apache Tomcat Native library is installed, while Tomcat requires version [1.2.14]
2019-07-05 14:29:45.664 [main] ERROR org.apache.catalina.core.AprLifecycleListener - An incompatible version [1.2.12] of the APR based Apache Tomcat Native library is installed, while Tomcat requires version [1.2.14]
2019-07-05 14:30:01.432 [http-nio-8080-exec-1] ERROR o.a.c.c.C.[.[.[/common].[dispatcherServlet] - Servlet.service() for servlet [dispatcherServlet] in context with path [/common] threw exception [Request processing failed; nested exception is org.springframework.data.redis.RedisSystemException: Error in execution; nested exception is io.lettuce.core.RedisCommandExecutionException: NOAUTH Authentication required.] with root cause
io.lettuce.core.RedisCommandExecutionException: NOAUTH Authentication required.
	at io.lettuce.core.ExceptionFactory.createExecutionException(ExceptionFactory.java:135)
	at io.lettuce.core.ExceptionFactory.createExecutionException(ExceptionFactory.java:108)
	at io.lettuce.core.protocol.AsyncCommand.completeResult(AsyncCommand.java:120)
	at io.lettuce.core.protocol.AsyncCommand.complete(AsyncCommand.java:111)
	at io.lettuce.core.protocol.CommandHandler.complete(CommandHandler.java:646)
	at io.lettuce.core.protocol.CommandHandler.decode(CommandHandler.java:604)
	at io.lettuce.core.protocol.CommandHandler.channelRead(CommandHandler.java:556)
	at io.netty.channel.AbstractChannelHandlerContext.invokeChannelRead(AbstractChannelHandlerContext.java:374)
	at io.netty.channel.AbstractChannelHandlerContext.invokeChannelRead(AbstractChannelHandlerContext.java:360)
	at io.netty.channel.AbstractChannelHandlerContext.fireChannelRead(AbstractChannelHandlerContext.java:352)
	at io.netty.channel.DefaultChannelPipeline$HeadContext.channelRead(DefaultChannelPipeline.java:1408)
	at io.netty.channel.AbstractChannelHandlerContext.invokeChannelRead(AbstractChannelHandlerContext.java:374)
	at io.netty.channel.AbstractChannelHandlerContext.invokeChannelRead(AbstractChannelHandlerContext.java:360)
	at io.netty.channel.DefaultChannelPipeline.fireChannelRead(DefaultChannelPipeline.java:930)
	at io.netty.channel.nio.AbstractNioByteChannel$NioByteUnsafe.read(AbstractNioByteChannel.java:163)
	at io.netty.channel.nio.NioEventLoop.processSelectedKey(NioEventLoop.java:682)
	at io.netty.channel.nio.NioEventLoop.processSelectedKeysOptimized(NioEventLoop.java:617)
	at io.netty.channel.nio.NioEventLoop.processSelectedKeys(NioEventLoop.java:534)
	at io.netty.channel.nio.NioEventLoop.run(NioEventLoop.java:496)
	at io.netty.util.concurrent.SingleThreadEventExecutor$5.run(SingleThreadEventExecutor.java:906)
	at io.netty.util.internal.ThreadExecutorMap$2.run(ThreadExecutorMap.java:74)
	at io.netty.util.concurrent.FastThreadLocalRunnable.run(FastThreadLocalRunnable.java:30)
	at java.lang.Thread.run(Thread.java:745)
2019-07-05 14:47:26.794 [main] ERROR org.apache.catalina.core.AprLifecycleListener - An incompatible version [1.2.12] of the APR based Apache Tomcat Native library is installed, while Tomcat requires version [1.2.14]
2019-07-05 14:47:27.529 [main] ERROR org.apache.catalina.core.AprLifecycleListener - An incompatible version [1.2.12] of the APR based Apache Tomcat Native library is installed, while Tomcat requires version [1.2.14]
2019-07-05 14:47:27.692 [main] ERROR org.apache.catalina.core.AprLifecycleListener - An incompatible version [1.2.12] of the APR based Apache Tomcat Native library is installed, while Tomcat requires version [1.2.14]
2019-07-05 14:53:26.337 [main] ERROR org.apache.catalina.core.AprLifecycleListener - An incompatible version [1.2.12] of the APR based Apache Tomcat Native library is installed, while Tomcat requires version [1.2.14]
2019-07-05 14:53:26.934 [main] ERROR org.apache.catalina.core.AprLifecycleListener - An incompatible version [1.2.12] of the APR based Apache Tomcat Native library is installed, while Tomcat requires version [1.2.14]
2019-07-05 14:53:27.058 [main] ERROR org.apache.catalina.core.AprLifecycleListener - An incompatible version [1.2.12] of the APR based Apache Tomcat Native library is installed, while Tomcat requires version [1.2.14]
2019-07-05 15:14:02.985 [main] ERROR org.apache.catalina.core.AprLifecycleListener - An incompatible version [1.2.12] of the APR based Apache Tomcat Native library is installed, while Tomcat requires version [1.2.14]
2019-07-05 15:14:03.823 [main] ERROR org.apache.catalina.core.AprLifecycleListener - An incompatible version [1.2.12] of the APR based Apache Tomcat Native library is installed, while Tomcat requires version [1.2.14]
2019-07-05 15:14:04.103 [main] ERROR org.apache.catalina.core.AprLifecycleListener - An incompatible version [1.2.12] of the APR based Apache Tomcat Native library is installed, while Tomcat requires version [1.2.14]
2019-07-05 15:14:25.343 [http-nio-8080-exec-2] ERROR o.a.c.c.C.[.[.[/common].[dispatcherServlet] - Servlet.service() for servlet [dispatcherServlet] in context with path [/common] threw exception [Request processing failed; nested exception is org.mybatis.spring.MyBatisSystemException: nested exception is org.apache.ibatis.builder.BuilderException: Error invoking SqlProvider method (tk.mybatis.mapper.provider.ConditionProvider.dynamicSQL).  Cause: java.lang.InstantiationException: tk.mybatis.mapper.provider.ConditionProvider] with root cause
java.lang.NoSuchMethodException: tk.mybatis.mapper.provider.ConditionProvider.<init>()
	at java.lang.Class.getConstructor0(Class.java:3082)
	at java.lang.Class.newInstance(Class.java:412)
	at org.apache.ibatis.builder.annotation.ProviderSqlSource.createSqlSource(ProviderSqlSource.java:85)
	at org.apache.ibatis.builder.annotation.ProviderSqlSource.getBoundSql(ProviderSqlSource.java:73)
	at org.apache.ibatis.mapping.MappedStatement.getBoundSql(MappedStatement.java:292)
	at com.github.pagehelper.PageInterceptor.intercept(PageInterceptor.java:83)
	at org.apache.ibatis.plugin.Plugin.invoke(Plugin.java:61)
	at com.sun.proxy.$Proxy99.query(Unknown Source)
	at org.apache.ibatis.session.defaults.DefaultSqlSession.selectList(DefaultSqlSession.java:148)
	at org.apache.ibatis.session.defaults.DefaultSqlSession.selectList(DefaultSqlSession.java:141)
	at sun.reflect.NativeMethodAccessorImpl.invoke0(Native Method)
	at sun.reflect.NativeMethodAccessorImpl.invoke(NativeMethodAccessorImpl.java:62)
	at sun.reflect.DelegatingMethodAccessorImpl.invoke(DelegatingMethodAccessorImpl.java:43)
	at java.lang.reflect.Method.invoke(Method.java:498)
	at org.mybatis.spring.SqlSessionTemplate$SqlSessionInterceptor.invoke(SqlSessionTemplate.java:433)
	at com.sun.proxy.$Proxy73.selectList(Unknown Source)
	at org.mybatis.spring.SqlSessionTemplate.selectList(SqlSessionTemplate.java:230)
	at org.apache.ibatis.binding.MapperMethod.executeForMany(MapperMethod.java:137)
	at org.apache.ibatis.binding.MapperMethod.execute(MapperMethod.java:75)
	at org.apache.ibatis.binding.MapperProxy.invoke(MapperProxy.java:59)
	at com.sun.proxy.$Proxy77.selectByCondition(Unknown Source)
	at com.tong.sevencommon.service.impl.UserInfoServiceImpl.selectAll(UserInfoServiceImpl.java:89)
	at com.tong.sevencommon.controller.UserInfoController.selectAll(UserInfoController.java:58)
	at sun.reflect.NativeMethodAccessorImpl.invoke0(Native Method)
	at sun.reflect.NativeMethodAccessorImpl.invoke(NativeMethodAccessorImpl.java:62)
	at sun.reflect.DelegatingMethodAccessorImpl.invoke(DelegatingMethodAccessorImpl.java:43)
	at java.lang.reflect.Method.invoke(Method.java:498)
	at org.springframework.web.method.support.InvocableHandlerMethod.doInvoke(InvocableHandlerMethod.java:190)
	at org.springframework.web.method.support.InvocableHandlerMethod.invokeForRequest(InvocableHandlerMethod.java:138)
	at org.springframework.web.servlet.mvc.method.annotation.ServletInvocableHandlerMethod.invokeAndHandle(ServletInvocableHandlerMethod.java:104)
	at org.springframework.web.servlet.mvc.method.annotation.RequestMappingHandlerAdapter.invokeHandlerMethod(RequestMappingHandlerAdapter.java:892)
	at org.springframework.web.servlet.mvc.method.annotation.RequestMappingHandlerAdapter.handleInternal(RequestMappingHandlerAdapter.java:797)
	at org.springframework.web.servlet.mvc.method.AbstractHandlerMethodAdapter.handle(AbstractHandlerMethodAdapter.java:87)
	at org.springframework.web.servlet.DispatcherServlet.doDispatch(DispatcherServlet.java:1039)
	at org.springframework.web.servlet.DispatcherServlet.doService(DispatcherServlet.java:942)
	at org.springframework.web.servlet.FrameworkServlet.processRequest(FrameworkServlet.java:1005)
	at org.springframework.web.servlet.FrameworkServlet.doGet(FrameworkServlet.java:897)
	at javax.servlet.http.HttpServlet.service(HttpServlet.java:634)
	at org.springframework.web.servlet.FrameworkServlet.service(FrameworkServlet.java:882)
	at javax.servlet.http.HttpServlet.service(HttpServlet.java:741)
	at org.apache.catalina.core.ApplicationFilterChain.internalDoFilter(ApplicationFilterChain.java:231)
	at org.apache.catalina.core.ApplicationFilterChain.doFilter(ApplicationFilterChain.java:166)
	at org.apache.tomcat.websocket.server.WsFilter.doFilter(WsFilter.java:53)
	at org.apache.catalina.core.ApplicationFilterChain.internalDoFilter(ApplicationFilterChain.java:193)
	at org.apache.catalina.core.ApplicationFilterChain.doFilter(ApplicationFilterChain.java:166)
	at org.springframework.web.filter.RequestContextFilter.doFilterInternal(RequestContextFilter.java:99)
	at org.springframework.web.filter.OncePerRequestFilter.doFilter(OncePerRequestFilter.java:109)
	at org.apache.catalina.core.ApplicationFilterChain.internalDoFilter(ApplicationFilterChain.java:193)
	at org.apache.catalina.core.ApplicationFilterChain.doFilter(ApplicationFilterChain.java:166)
	at org.springframework.web.filter.FormContentFilter.doFilterInternal(FormContentFilter.java:92)
	at org.springframework.web.filter.OncePerRequestFilter.doFilter(OncePerRequestFilter.java:109)
	at org.apache.catalina.core.ApplicationFilterChain.internalDoFilter(ApplicationFilterChain.java:193)
	at org.apache.catalina.core.ApplicationFilterChain.doFilter(ApplicationFilterChain.java:166)
	at org.springframework.web.filter.HiddenHttpMethodFilter.doFilterInternal(HiddenHttpMethodFilter.java:93)
	at org.springframework.web.filter.OncePerRequestFilter.doFilter(OncePerRequestFilter.java:109)
	at org.apache.catalina.core.ApplicationFilterChain.internalDoFilter(ApplicationFilterChain.java:193)
	at org.apache.catalina.core.ApplicationFilterChain.doFilter(ApplicationFilterChain.java:166)
	at org.springframework.web.filter.CharacterEncodingFilter.doFilterInternal(CharacterEncodingFilter.java:200)
	at org.springframework.web.filter.OncePerRequestFilter.doFilter(OncePerRequestFilter.java:109)
	at org.apache.catalina.core.ApplicationFilterChain.internalDoFilter(ApplicationFilterChain.java:193)
	at org.apache.catalina.core.ApplicationFilterChain.doFilter(ApplicationFilterChain.java:166)
	at org.apache.catalina.core.StandardWrapperValve.invoke(StandardWrapperValve.java:202)
	at org.apache.catalina.core.StandardContextValve.invoke(StandardContextValve.java:96)
	at org.apache.catalina.authenticator.AuthenticatorBase.invoke(AuthenticatorBase.java:490)
	at org.apache.catalina.core.StandardHostValve.invoke(StandardHostValve.java:139)
	at org.apache.catalina.valves.ErrorReportValve.invoke(ErrorReportValve.java:92)
	at org.apache.catalina.core.StandardEngineValve.invoke(StandardEngineValve.java:74)
	at org.apache.catalina.connector.CoyoteAdapter.service(CoyoteAdapter.java:343)
	at org.apache.coyote.http11.Http11Processor.service(Http11Processor.java:408)
	at org.apache.coyote.AbstractProcessorLight.process(AbstractProcessorLight.java:66)
	at org.apache.coyote.AbstractProtocol$ConnectionHandler.process(AbstractProtocol.java:853)
	at org.apache.tomcat.util.net.NioEndpoint$SocketProcessor.doRun(NioEndpoint.java:1587)
	at org.apache.tomcat.util.net.SocketProcessorBase.run(SocketProcessorBase.java:49)
	at java.util.concurrent.ThreadPoolExecutor.runWorker(ThreadPoolExecutor.java:1142)
	at java.util.concurrent.ThreadPoolExecutor$Worker.run(ThreadPoolExecutor.java:617)
	at org.apache.tomcat.util.threads.TaskThread$WrappingRunnable.run(TaskThread.java:61)
	at java.lang.Thread.run(Thread.java:745)
2019-07-05 15:14:53.026 [main] ERROR org.apache.catalina.core.AprLifecycleListener - An incompatible version [1.2.12] of the APR based Apache Tomcat Native library is installed, while Tomcat requires version [1.2.14]
2019-07-05 15:14:53.675 [main] ERROR org.apache.catalina.core.AprLifecycleListener - An incompatible version [1.2.12] of the APR based Apache Tomcat Native library is installed, while Tomcat requires version [1.2.14]
2019-07-05 15:14:53.794 [main] ERROR org.apache.catalina.core.AprLifecycleListener - An incompatible version [1.2.12] of the APR based Apache Tomcat Native library is installed, while Tomcat requires version [1.2.14]
2019-07-05 15:15:12.071 [main] ERROR org.apache.catalina.core.AprLifecycleListener - An incompatible version [1.2.12] of the APR based Apache Tomcat Native library is installed, while Tomcat requires version [1.2.14]
2019-07-05 15:15:12.713 [main] ERROR org.apache.catalina.core.AprLifecycleListener - An incompatible version [1.2.12] of the APR based Apache Tomcat Native library is installed, while Tomcat requires version [1.2.14]
2019-07-05 15:15:12.836 [main] ERROR org.apache.catalina.core.AprLifecycleListener - An incompatible version [1.2.12] of the APR based Apache Tomcat Native library is installed, while Tomcat requires version [1.2.14]
2019-07-05 15:15:31.163 [http-nio-8080-exec-1] ERROR o.a.c.c.C.[.[.[/common].[dispatcherServlet] - Servlet.service() for servlet [dispatcherServlet] in context with path [/common] threw exception [Request processing failed; nested exception is org.mybatis.spring.MyBatisSystemException: nested exception is org.apache.ibatis.builder.BuilderException: Error invoking SqlProvider method (tk.mybatis.mapper.provider.ConditionProvider.dynamicSQL).  Cause: java.lang.InstantiationException: tk.mybatis.mapper.provider.ConditionProvider] with root cause
java.lang.NoSuchMethodException: tk.mybatis.mapper.provider.ConditionProvider.<init>()
	at java.lang.Class.getConstructor0(Class.java:3082)
	at java.lang.Class.newInstance(Class.java:412)
	at org.apache.ibatis.builder.annotation.ProviderSqlSource.createSqlSource(ProviderSqlSource.java:85)
	at org.apache.ibatis.builder.annotation.ProviderSqlSource.getBoundSql(ProviderSqlSource.java:73)
	at org.apache.ibatis.mapping.MappedStatement.getBoundSql(MappedStatement.java:292)
	at com.github.pagehelper.PageInterceptor.intercept(PageInterceptor.java:83)
	at org.apache.ibatis.plugin.Plugin.invoke(Plugin.java:61)
	at com.sun.proxy.$Proxy99.query(Unknown Source)
	at org.apache.ibatis.session.defaults.DefaultSqlSession.selectList(DefaultSqlSession.java:148)
	at org.apache.ibatis.session.defaults.DefaultSqlSession.selectList(DefaultSqlSession.java:141)
	at sun.reflect.NativeMethodAccessorImpl.invoke0(Native Method)
	at sun.reflect.NativeMethodAccessorImpl.invoke(NativeMethodAccessorImpl.java:62)
	at sun.reflect.DelegatingMethodAccessorImpl.invoke(DelegatingMethodAccessorImpl.java:43)
	at java.lang.reflect.Method.invoke(Method.java:498)
	at org.mybatis.spring.SqlSessionTemplate$SqlSessionInterceptor.invoke(SqlSessionTemplate.java:433)
	at com.sun.proxy.$Proxy73.selectList(Unknown Source)
	at org.mybatis.spring.SqlSessionTemplate.selectList(SqlSessionTemplate.java:230)
	at org.apache.ibatis.binding.MapperMethod.executeForMany(MapperMethod.java:137)
	at org.apache.ibatis.binding.MapperMethod.execute(MapperMethod.java:75)
	at org.apache.ibatis.binding.MapperProxy.invoke(MapperProxy.java:59)
	at com.sun.proxy.$Proxy77.selectByCondition(Unknown Source)
	at com.tong.sevencommon.service.impl.UserInfoServiceImpl.selectAll(UserInfoServiceImpl.java:89)
	at com.tong.sevencommon.controller.UserInfoController.selectAll(UserInfoController.java:58)
	at sun.reflect.NativeMethodAccessorImpl.invoke0(Native Method)
	at sun.reflect.NativeMethodAccessorImpl.invoke(NativeMethodAccessorImpl.java:62)
	at sun.reflect.DelegatingMethodAccessorImpl.invoke(DelegatingMethodAccessorImpl.java:43)
	at java.lang.reflect.Method.invoke(Method.java:498)
	at org.springframework.web.method.support.InvocableHandlerMethod.doInvoke(InvocableHandlerMethod.java:190)
	at org.springframework.web.method.support.InvocableHandlerMethod.invokeForRequest(InvocableHandlerMethod.java:138)
	at org.springframework.web.servlet.mvc.method.annotation.ServletInvocableHandlerMethod.invokeAndHandle(ServletInvocableHandlerMethod.java:104)
	at org.springframework.web.servlet.mvc.method.annotation.RequestMappingHandlerAdapter.invokeHandlerMethod(RequestMappingHandlerAdapter.java:892)
	at org.springframework.web.servlet.mvc.method.annotation.RequestMappingHandlerAdapter.handleInternal(RequestMappingHandlerAdapter.java:797)
	at org.springframework.web.servlet.mvc.method.AbstractHandlerMethodAdapter.handle(AbstractHandlerMethodAdapter.java:87)
	at org.springframework.web.servlet.DispatcherServlet.doDispatch(DispatcherServlet.java:1039)
	at org.springframework.web.servlet.DispatcherServlet.doService(DispatcherServlet.java:942)
	at org.springframework.web.servlet.FrameworkServlet.processRequest(FrameworkServlet.java:1005)
	at org.springframework.web.servlet.FrameworkServlet.doGet(FrameworkServlet.java:897)
	at javax.servlet.http.HttpServlet.service(HttpServlet.java:634)
	at org.springframework.web.servlet.FrameworkServlet.service(FrameworkServlet.java:882)
	at javax.servlet.http.HttpServlet.service(HttpServlet.java:741)
	at org.apache.catalina.core.ApplicationFilterChain.internalDoFilter(ApplicationFilterChain.java:231)
	at org.apache.catalina.core.ApplicationFilterChain.doFilter(ApplicationFilterChain.java:166)
	at org.apache.tomcat.websocket.server.WsFilter.doFilter(WsFilter.java:53)
	at org.apache.catalina.core.ApplicationFilterChain.internalDoFilter(ApplicationFilterChain.java:193)
	at org.apache.catalina.core.ApplicationFilterChain.doFilter(ApplicationFilterChain.java:166)
	at org.springframework.web.filter.RequestContextFilter.doFilterInternal(RequestContextFilter.java:99)
	at org.springframework.web.filter.OncePerRequestFilter.doFilter(OncePerRequestFilter.java:109)
	at org.apache.catalina.core.ApplicationFilterChain.internalDoFilter(ApplicationFilterChain.java:193)
	at org.apache.catalina.core.ApplicationFilterChain.doFilter(ApplicationFilterChain.java:166)
	at org.springframework.web.filter.FormContentFilter.doFilterInternal(FormContentFilter.java:92)
	at org.springframework.web.filter.OncePerRequestFilter.doFilter(OncePerRequestFilter.java:109)
	at org.apache.catalina.core.ApplicationFilterChain.internalDoFilter(ApplicationFilterChain.java:193)
	at org.apache.catalina.core.ApplicationFilterChain.doFilter(ApplicationFilterChain.java:166)
	at org.springframework.web.filter.HiddenHttpMethodFilter.doFilterInternal(HiddenHttpMethodFilter.java:93)
	at org.springframework.web.filter.OncePerRequestFilter.doFilter(OncePerRequestFilter.java:109)
	at org.apache.catalina.core.ApplicationFilterChain.internalDoFilter(ApplicationFilterChain.java:193)
	at org.apache.catalina.core.ApplicationFilterChain.doFilter(ApplicationFilterChain.java:166)
	at org.springframework.web.filter.CharacterEncodingFilter.doFilterInternal(CharacterEncodingFilter.java:200)
	at org.springframework.web.filter.OncePerRequestFilter.doFilter(OncePerRequestFilter.java:109)
	at org.apache.catalina.core.ApplicationFilterChain.internalDoFilter(ApplicationFilterChain.java:193)
	at org.apache.catalina.core.ApplicationFilterChain.doFilter(ApplicationFilterChain.java:166)
	at org.apache.catalina.core.StandardWrapperValve.invoke(StandardWrapperValve.java:202)
	at org.apache.catalina.core.StandardContextValve.invoke(StandardContextValve.java:96)
	at org.apache.catalina.authenticator.AuthenticatorBase.invoke(AuthenticatorBase.java:490)
	at org.apache.catalina.core.StandardHostValve.invoke(StandardHostValve.java:139)
	at org.apache.catalina.valves.ErrorReportValve.invoke(ErrorReportValve.java:92)
	at org.apache.catalina.core.StandardEngineValve.invoke(StandardEngineValve.java:74)
	at org.apache.catalina.connector.CoyoteAdapter.service(CoyoteAdapter.java:343)
	at org.apache.coyote.http11.Http11Processor.service(Http11Processor.java:408)
	at org.apache.coyote.AbstractProcessorLight.process(AbstractProcessorLight.java:66)
	at org.apache.coyote.AbstractProtocol$ConnectionHandler.process(AbstractProtocol.java:853)
	at org.apache.tomcat.util.net.NioEndpoint$SocketProcessor.doRun(NioEndpoint.java:1587)
	at org.apache.tomcat.util.net.SocketProcessorBase.run(SocketProcessorBase.java:49)
	at java.util.concurrent.ThreadPoolExecutor.runWorker(ThreadPoolExecutor.java:1142)
	at java.util.concurrent.ThreadPoolExecutor$Worker.run(ThreadPoolExecutor.java:617)
	at org.apache.tomcat.util.threads.TaskThread$WrappingRunnable.run(TaskThread.java:61)
	at java.lang.Thread.run(Thread.java:745)
2019-07-05 15:28:55.093 [main] ERROR org.apache.catalina.core.AprLifecycleListener - An incompatible version [1.2.12] of the APR based Apache Tomcat Native library is installed, while Tomcat requires version [1.2.14]
2019-07-05 15:28:55.733 [main] ERROR org.apache.catalina.core.AprLifecycleListener - An incompatible version [1.2.12] of the APR based Apache Tomcat Native library is installed, while Tomcat requires version [1.2.14]
2019-07-05 15:28:55.855 [main] ERROR org.apache.catalina.core.AprLifecycleListener - An incompatible version [1.2.12] of the APR based Apache Tomcat Native library is installed, while Tomcat requires version [1.2.14]
2019-07-05 15:29:36.620 [http-nio-8080-exec-1] ERROR o.a.c.c.C.[.[.[/common].[dispatcherServlet] - Servlet.service() for servlet [dispatcherServlet] in context with path [/common] threw exception [Request processing failed; nested exception is java.lang.NullPointerException] with root cause
java.lang.NullPointerException: null
	at com.tong.sevencommon.service.impl.UserInfoServiceImpl.selectAll(UserInfoServiceImpl.java:95)
	at com.tong.sevencommon.controller.UserInfoController.selectAll(UserInfoController.java:58)
	at sun.reflect.NativeMethodAccessorImpl.invoke0(Native Method)
	at sun.reflect.NativeMethodAccessorImpl.invoke(NativeMethodAccessorImpl.java:62)
	at sun.reflect.DelegatingMethodAccessorImpl.invoke(DelegatingMethodAccessorImpl.java:43)
	at java.lang.reflect.Method.invoke(Method.java:498)
	at org.springframework.web.method.support.InvocableHandlerMethod.doInvoke(InvocableHandlerMethod.java:190)
	at org.springframework.web.method.support.InvocableHandlerMethod.invokeForRequest(InvocableHandlerMethod.java:138)
	at org.springframework.web.servlet.mvc.method.annotation.ServletInvocableHandlerMethod.invokeAndHandle(ServletInvocableHandlerMethod.java:104)
	at org.springframework.web.servlet.mvc.method.annotation.RequestMappingHandlerAdapter.invokeHandlerMethod(RequestMappingHandlerAdapter.java:892)
	at org.springframework.web.servlet.mvc.method.annotation.RequestMappingHandlerAdapter.handleInternal(RequestMappingHandlerAdapter.java:797)
	at org.springframework.web.servlet.mvc.method.AbstractHandlerMethodAdapter.handle(AbstractHandlerMethodAdapter.java:87)
	at org.springframework.web.servlet.DispatcherServlet.doDispatch(DispatcherServlet.java:1039)
	at org.springframework.web.servlet.DispatcherServlet.doService(DispatcherServlet.java:942)
	at org.springframework.web.servlet.FrameworkServlet.processRequest(FrameworkServlet.java:1005)
	at org.springframework.web.servlet.FrameworkServlet.doGet(FrameworkServlet.java:897)
	at javax.servlet.http.HttpServlet.service(HttpServlet.java:634)
	at org.springframework.web.servlet.FrameworkServlet.service(FrameworkServlet.java:882)
	at javax.servlet.http.HttpServlet.service(HttpServlet.java:741)
	at org.apache.catalina.core.ApplicationFilterChain.internalDoFilter(ApplicationFilterChain.java:231)
	at org.apache.catalina.core.ApplicationFilterChain.doFilter(ApplicationFilterChain.java:166)
	at org.apache.tomcat.websocket.server.WsFilter.doFilter(WsFilter.java:53)
	at org.apache.catalina.core.ApplicationFilterChain.internalDoFilter(ApplicationFilterChain.java:193)
	at org.apache.catalina.core.ApplicationFilterChain.doFilter(ApplicationFilterChain.java:166)
	at org.springframework.web.filter.RequestContextFilter.doFilterInternal(RequestContextFilter.java:99)
	at org.springframework.web.filter.OncePerRequestFilter.doFilter(OncePerRequestFilter.java:109)
	at org.apache.catalina.core.ApplicationFilterChain.internalDoFilter(ApplicationFilterChain.java:193)
	at org.apache.catalina.core.ApplicationFilterChain.doFilter(ApplicationFilterChain.java:166)
	at org.springframework.web.filter.FormContentFilter.doFilterInternal(FormContentFilter.java:92)
	at org.springframework.web.filter.OncePerRequestFilter.doFilter(OncePerRequestFilter.java:109)
	at org.apache.catalina.core.ApplicationFilterChain.internalDoFilter(ApplicationFilterChain.java:193)
	at org.apache.catalina.core.ApplicationFilterChain.doFilter(ApplicationFilterChain.java:166)
	at org.springframework.web.filter.HiddenHttpMethodFilter.doFilterInternal(HiddenHttpMethodFilter.java:93)
	at org.springframework.web.filter.OncePerRequestFilter.doFilter(OncePerRequestFilter.java:109)
	at org.apache.catalina.core.ApplicationFilterChain.internalDoFilter(ApplicationFilterChain.java:193)
	at org.apache.catalina.core.ApplicationFilterChain.doFilter(ApplicationFilterChain.java:166)
	at org.springframework.web.filter.CharacterEncodingFilter.doFilterInternal(CharacterEncodingFilter.java:200)
	at org.springframework.web.filter.OncePerRequestFilter.doFilter(OncePerRequestFilter.java:109)
	at org.apache.catalina.core.ApplicationFilterChain.internalDoFilter(ApplicationFilterChain.java:193)
	at org.apache.catalina.core.ApplicationFilterChain.doFilter(ApplicationFilterChain.java:166)
	at org.apache.catalina.core.StandardWrapperValve.invoke(StandardWrapperValve.java:202)
	at org.apache.catalina.core.StandardContextValve.invoke(StandardContextValve.java:96)
	at org.apache.catalina.authenticator.AuthenticatorBase.invoke(AuthenticatorBase.java:490)
	at org.apache.catalina.core.StandardHostValve.invoke(StandardHostValve.java:139)
	at org.apache.catalina.valves.ErrorReportValve.invoke(ErrorReportValve.java:92)
	at org.apache.catalina.core.StandardEngineValve.invoke(StandardEngineValve.java:74)
	at org.apache.catalina.connector.CoyoteAdapter.service(CoyoteAdapter.java:343)
	at org.apache.coyote.http11.Http11Processor.service(Http11Processor.java:408)
	at org.apache.coyote.AbstractProcessorLight.process(AbstractProcessorLight.java:66)
	at org.apache.coyote.AbstractProtocol$ConnectionHandler.process(AbstractProtocol.java:853)
	at org.apache.tomcat.util.net.NioEndpoint$SocketProcessor.doRun(NioEndpoint.java:1587)
	at org.apache.tomcat.util.net.SocketProcessorBase.run(SocketProcessorBase.java:49)
	at java.util.concurrent.ThreadPoolExecutor.runWorker(ThreadPoolExecutor.java:1142)
	at java.util.concurrent.ThreadPoolExecutor$Worker.run(ThreadPoolExecutor.java:617)
	at org.apache.tomcat.util.threads.TaskThread$WrappingRunnable.run(TaskThread.java:61)
	at java.lang.Thread.run(Thread.java:745)
2019-07-05 15:30:11.248 [main] ERROR org.apache.catalina.core.AprLifecycleListener - An incompatible version [1.2.12] of the APR based Apache Tomcat Native library is installed, while Tomcat requires version [1.2.14]
2019-07-05 15:30:11.905 [main] ERROR org.apache.catalina.core.AprLifecycleListener - An incompatible version [1.2.12] of the APR based Apache Tomcat Native library is installed, while Tomcat requires version [1.2.14]
2019-07-05 15:30:12.039 [main] ERROR org.apache.catalina.core.AprLifecycleListener - An incompatible version [1.2.12] of the APR based Apache Tomcat Native library is installed, while Tomcat requires version [1.2.14]
2019-07-05 15:30:43.372 [http-nio-8080-exec-1] ERROR o.a.c.c.C.[.[.[/common].[dispatcherServlet] - Servlet.service() for servlet [dispatcherServlet] in context with path [/common] threw exception [Request processing failed; nested exception is org.springframework.data.redis.RedisSystemException: Error in execution; nested exception is io.lettuce.core.RedisCommandExecutionException: WRONGTYPE Operation against a key holding the wrong kind of value] with root cause
io.lettuce.core.RedisCommandExecutionException: WRONGTYPE Operation against a key holding the wrong kind of value
	at io.lettuce.core.ExceptionFactory.createExecutionException(ExceptionFactory.java:135)
	at io.lettuce.core.ExceptionFactory.createExecutionException(ExceptionFactory.java:108)
	at io.lettuce.core.protocol.AsyncCommand.completeResult(AsyncCommand.java:120)
	at io.lettuce.core.protocol.AsyncCommand.complete(AsyncCommand.java:111)
	at io.lettuce.core.protocol.CommandHandler.complete(CommandHandler.java:646)
	at io.lettuce.core.protocol.CommandHandler.decode(CommandHandler.java:604)
	at io.lettuce.core.protocol.CommandHandler.channelRead(CommandHandler.java:556)
	at io.netty.channel.AbstractChannelHandlerContext.invokeChannelRead(AbstractChannelHandlerContext.java:374)
	at io.netty.channel.AbstractChannelHandlerContext.invokeChannelRead(AbstractChannelHandlerContext.java:360)
	at io.netty.channel.AbstractChannelHandlerContext.fireChannelRead(AbstractChannelHandlerContext.java:352)
	at io.netty.channel.DefaultChannelPipeline$HeadContext.channelRead(DefaultChannelPipeline.java:1408)
	at io.netty.channel.AbstractChannelHandlerContext.invokeChannelRead(AbstractChannelHandlerContext.java:374)
	at io.netty.channel.AbstractChannelHandlerContext.invokeChannelRead(AbstractChannelHandlerContext.java:360)
	at io.netty.channel.DefaultChannelPipeline.fireChannelRead(DefaultChannelPipeline.java:930)
	at io.netty.channel.nio.AbstractNioByteChannel$NioByteUnsafe.read(AbstractNioByteChannel.java:163)
	at io.netty.channel.nio.NioEventLoop.processSelectedKey(NioEventLoop.java:682)
	at io.netty.channel.nio.NioEventLoop.processSelectedKeysOptimized(NioEventLoop.java:617)
	at io.netty.channel.nio.NioEventLoop.processSelectedKeys(NioEventLoop.java:534)
	at io.netty.channel.nio.NioEventLoop.run(NioEventLoop.java:496)
	at io.netty.util.concurrent.SingleThreadEventExecutor$5.run(SingleThreadEventExecutor.java:906)
	at io.netty.util.internal.ThreadExecutorMap$2.run(ThreadExecutorMap.java:74)
	at io.netty.util.concurrent.FastThreadLocalRunnable.run(FastThreadLocalRunnable.java:30)
	at java.lang.Thread.run(Thread.java:745)
2019-07-05 15:32:48.241 [main] ERROR org.apache.catalina.core.AprLifecycleListener - An incompatible version [1.2.12] of the APR based Apache Tomcat Native library is installed, while Tomcat requires version [1.2.14]
2019-07-05 15:32:48.820 [main] ERROR org.apache.catalina.core.AprLifecycleListener - An incompatible version [1.2.12] of the APR based Apache Tomcat Native library is installed, while Tomcat requires version [1.2.14]
2019-07-05 15:32:48.956 [main] ERROR org.apache.catalina.core.AprLifecycleListener - An incompatible version [1.2.12] of the APR based Apache Tomcat Native library is installed, while Tomcat requires version [1.2.14]
2019-07-05 15:33:27.708 [main] ERROR org.apache.catalina.core.AprLifecycleListener - An incompatible version [1.2.12] of the APR based Apache Tomcat Native library is installed, while Tomcat requires version [1.2.14]
2019-07-05 15:33:28.377 [main] ERROR org.apache.catalina.core.AprLifecycleListener - An incompatible version [1.2.12] of the APR based Apache Tomcat Native library is installed, while Tomcat requires version [1.2.14]
2019-07-05 15:33:28.523 [main] ERROR org.apache.catalina.core.AprLifecycleListener - An incompatible version [1.2.12] of the APR based Apache Tomcat Native library is installed, while Tomcat requires version [1.2.14]
2019-07-05 15:33:48.768 [http-nio-8080-exec-1] ERROR o.a.c.c.C.[.[.[/common].[dispatcherServlet] - Servlet.service() for servlet [dispatcherServlet] in context with path [/common] threw exception [Request processing failed; nested exception is org.springframework.data.redis.RedisSystemException: Error in execution; nested exception is io.lettuce.core.RedisCommandExecutionException: WRONGTYPE Operation against a key holding the wrong kind of value] with root cause
io.lettuce.core.RedisCommandExecutionException: WRONGTYPE Operation against a key holding the wrong kind of value
	at io.lettuce.core.ExceptionFactory.createExecutionException(ExceptionFactory.java:135)
	at io.lettuce.core.ExceptionFactory.createExecutionException(ExceptionFactory.java:108)
	at io.lettuce.core.protocol.AsyncCommand.completeResult(AsyncCommand.java:120)
	at io.lettuce.core.protocol.AsyncCommand.complete(AsyncCommand.java:111)
	at io.lettuce.core.protocol.CommandHandler.complete(CommandHandler.java:646)
	at io.lettuce.core.protocol.CommandHandler.decode(CommandHandler.java:604)
	at io.lettuce.core.protocol.CommandHandler.channelRead(CommandHandler.java:556)
	at io.netty.channel.AbstractChannelHandlerContext.invokeChannelRead(AbstractChannelHandlerContext.java:374)
	at io.netty.channel.AbstractChannelHandlerContext.invokeChannelRead(AbstractChannelHandlerContext.java:360)
	at io.netty.channel.AbstractChannelHandlerContext.fireChannelRead(AbstractChannelHandlerContext.java:352)
	at io.netty.channel.DefaultChannelPipeline$HeadContext.channelRead(DefaultChannelPipeline.java:1408)
	at io.netty.channel.AbstractChannelHandlerContext.invokeChannelRead(AbstractChannelHandlerContext.java:374)
	at io.netty.channel.AbstractChannelHandlerContext.invokeChannelRead(AbstractChannelHandlerContext.java:360)
	at io.netty.channel.DefaultChannelPipeline.fireChannelRead(DefaultChannelPipeline.java:930)
	at io.netty.channel.nio.AbstractNioByteChannel$NioByteUnsafe.read(AbstractNioByteChannel.java:163)
	at io.netty.channel.nio.NioEventLoop.processSelectedKey(NioEventLoop.java:682)
	at io.netty.channel.nio.NioEventLoop.processSelectedKeysOptimized(NioEventLoop.java:617)
	at io.netty.channel.nio.NioEventLoop.processSelectedKeys(NioEventLoop.java:534)
	at io.netty.channel.nio.NioEventLoop.run(NioEventLoop.java:496)
	at io.netty.util.concurrent.SingleThreadEventExecutor$5.run(SingleThreadEventExecutor.java:906)
	at io.netty.util.internal.ThreadExecutorMap$2.run(ThreadExecutorMap.java:74)
	at io.netty.util.concurrent.FastThreadLocalRunnable.run(FastThreadLocalRunnable.java:30)
	at java.lang.Thread.run(Thread.java:745)
2019-07-05 15:35:58.894 [main] ERROR org.apache.catalina.core.AprLifecycleListener - An incompatible version [1.2.12] of the APR based Apache Tomcat Native library is installed, while Tomcat requires version [1.2.14]
2019-07-05 15:35:59.525 [main] ERROR org.apache.catalina.core.AprLifecycleListener - An incompatible version [1.2.12] of the APR based Apache Tomcat Native library is installed, while Tomcat requires version [1.2.14]
2019-07-05 15:35:59.653 [main] ERROR org.apache.catalina.core.AprLifecycleListener - An incompatible version [1.2.12] of the APR based Apache Tomcat Native library is installed, while Tomcat requires version [1.2.14]
2019-07-05 15:37:04.375 [http-nio-8080-exec-1] ERROR o.a.c.c.C.[.[.[/common].[dispatcherServlet] - Servlet.service() for servlet [dispatcherServlet] in context with path [/common] threw exception [Request processing failed; nested exception is org.mybatis.spring.MyBatisSystemException: nested exception is org.apache.ibatis.builder.BuilderException: Error invoking SqlProvider method (tk.mybatis.mapper.provider.ConditionProvider.dynamicSQL).  Cause: java.lang.InstantiationException: tk.mybatis.mapper.provider.ConditionProvider] with root cause
java.lang.NoSuchMethodException: tk.mybatis.mapper.provider.ConditionProvider.<init>()
	at java.lang.Class.getConstructor0(Class.java:3082)
	at java.lang.Class.newInstance(Class.java:412)
	at org.apache.ibatis.builder.annotation.ProviderSqlSource.createSqlSource(ProviderSqlSource.java:85)
	at org.apache.ibatis.builder.annotation.ProviderSqlSource.getBoundSql(ProviderSqlSource.java:73)
	at org.apache.ibatis.mapping.MappedStatement.getBoundSql(MappedStatement.java:292)
	at com.github.pagehelper.PageInterceptor.intercept(PageInterceptor.java:83)
	at org.apache.ibatis.plugin.Plugin.invoke(Plugin.java:61)
	at com.sun.proxy.$Proxy103.query(Unknown Source)
	at org.apache.ibatis.session.defaults.DefaultSqlSession.selectList(DefaultSqlSession.java:148)
	at org.apache.ibatis.session.defaults.DefaultSqlSession.selectList(DefaultSqlSession.java:141)
	at sun.reflect.NativeMethodAccessorImpl.invoke0(Native Method)
	at sun.reflect.NativeMethodAccessorImpl.invoke(NativeMethodAccessorImpl.java:62)
	at sun.reflect.DelegatingMethodAccessorImpl.invoke(DelegatingMethodAccessorImpl.java:43)
	at java.lang.reflect.Method.invoke(Method.java:498)
	at org.mybatis.spring.SqlSessionTemplate$SqlSessionInterceptor.invoke(SqlSessionTemplate.java:433)
	at com.sun.proxy.$Proxy73.selectList(Unknown Source)
	at org.mybatis.spring.SqlSessionTemplate.selectList(SqlSessionTemplate.java:230)
	at org.apache.ibatis.binding.MapperMethod.executeForMany(MapperMethod.java:137)
	at org.apache.ibatis.binding.MapperMethod.execute(MapperMethod.java:75)
	at org.apache.ibatis.binding.MapperProxy.invoke(MapperProxy.java:59)
	at com.sun.proxy.$Proxy77.selectByCondition(Unknown Source)
	at com.tong.sevencommon.service.impl.UserInfoServiceImpl.selectAll(UserInfoServiceImpl.java:98)
	at com.tong.sevencommon.controller.UserInfoController.selectAll(UserInfoController.java:58)
	at sun.reflect.NativeMethodAccessorImpl.invoke0(Native Method)
	at sun.reflect.NativeMethodAccessorImpl.invoke(NativeMethodAccessorImpl.java:62)
	at sun.reflect.DelegatingMethodAccessorImpl.invoke(DelegatingMethodAccessorImpl.java:43)
	at java.lang.reflect.Method.invoke(Method.java:498)
	at org.springframework.web.method.support.InvocableHandlerMethod.doInvoke(InvocableHandlerMethod.java:190)
	at org.springframework.web.method.support.InvocableHandlerMethod.invokeForRequest(InvocableHandlerMethod.java:138)
	at org.springframework.web.servlet.mvc.method.annotation.ServletInvocableHandlerMethod.invokeAndHandle(ServletInvocableHandlerMethod.java:104)
	at org.springframework.web.servlet.mvc.method.annotation.RequestMappingHandlerAdapter.invokeHandlerMethod(RequestMappingHandlerAdapter.java:892)
	at org.springframework.web.servlet.mvc.method.annotation.RequestMappingHandlerAdapter.handleInternal(RequestMappingHandlerAdapter.java:797)
	at org.springframework.web.servlet.mvc.method.AbstractHandlerMethodAdapter.handle(AbstractHandlerMethodAdapter.java:87)
	at org.springframework.web.servlet.DispatcherServlet.doDispatch(DispatcherServlet.java:1039)
	at org.springframework.web.servlet.DispatcherServlet.doService(DispatcherServlet.java:942)
	at org.springframework.web.servlet.FrameworkServlet.processRequest(FrameworkServlet.java:1005)
	at org.springframework.web.servlet.FrameworkServlet.doGet(FrameworkServlet.java:897)
	at javax.servlet.http.HttpServlet.service(HttpServlet.java:634)
	at org.springframework.web.servlet.FrameworkServlet.service(FrameworkServlet.java:882)
	at javax.servlet.http.HttpServlet.service(HttpServlet.java:741)
	at org.apache.catalina.core.ApplicationFilterChain.internalDoFilter(ApplicationFilterChain.java:231)
	at org.apache.catalina.core.ApplicationFilterChain.doFilter(ApplicationFilterChain.java:166)
	at org.apache.tomcat.websocket.server.WsFilter.doFilter(WsFilter.java:53)
	at org.apache.catalina.core.ApplicationFilterChain.internalDoFilter(ApplicationFilterChain.java:193)
	at org.apache.catalina.core.ApplicationFilterChain.doFilter(ApplicationFilterChain.java:166)
	at org.springframework.web.filter.RequestContextFilter.doFilterInternal(RequestContextFilter.java:99)
	at org.springframework.web.filter.OncePerRequestFilter.doFilter(OncePerRequestFilter.java:109)
	at org.apache.catalina.core.ApplicationFilterChain.internalDoFilter(ApplicationFilterChain.java:193)
	at org.apache.catalina.core.ApplicationFilterChain.doFilter(ApplicationFilterChain.java:166)
	at org.springframework.web.filter.FormContentFilter.doFilterInternal(FormContentFilter.java:92)
	at org.springframework.web.filter.OncePerRequestFilter.doFilter(OncePerRequestFilter.java:109)
	at org.apache.catalina.core.ApplicationFilterChain.internalDoFilter(ApplicationFilterChain.java:193)
	at org.apache.catalina.core.ApplicationFilterChain.doFilter(ApplicationFilterChain.java:166)
	at org.springframework.web.filter.HiddenHttpMethodFilter.doFilterInternal(HiddenHttpMethodFilter.java:93)
	at org.springframework.web.filter.OncePerRequestFilter.doFilter(OncePerRequestFilter.java:109)
	at org.apache.catalina.core.ApplicationFilterChain.internalDoFilter(ApplicationFilterChain.java:193)
	at org.apache.catalina.core.ApplicationFilterChain.doFilter(ApplicationFilterChain.java:166)
	at org.springframework.web.filter.CharacterEncodingFilter.doFilterInternal(CharacterEncodingFilter.java:200)
	at org.springframework.web.filter.OncePerRequestFilter.doFilter(OncePerRequestFilter.java:109)
	at org.apache.catalina.core.ApplicationFilterChain.internalDoFilter(ApplicationFilterChain.java:193)
	at org.apache.catalina.core.ApplicationFilterChain.doFilter(ApplicationFilterChain.java:166)
	at org.apache.catalina.core.StandardWrapperValve.invoke(StandardWrapperValve.java:202)
	at org.apache.catalina.core.StandardContextValve.invoke(StandardContextValve.java:96)
	at org.apache.catalina.authenticator.AuthenticatorBase.invoke(AuthenticatorBase.java:490)
	at org.apache.catalina.core.StandardHostValve.invoke(StandardHostValve.java:139)
	at org.apache.catalina.valves.ErrorReportValve.invoke(ErrorReportValve.java:92)
	at org.apache.catalina.core.StandardEngineValve.invoke(StandardEngineValve.java:74)
	at org.apache.catalina.connector.CoyoteAdapter.service(CoyoteAdapter.java:343)
	at org.apache.coyote.http11.Http11Processor.service(Http11Processor.java:408)
	at org.apache.coyote.AbstractProcessorLight.process(AbstractProcessorLight.java:66)
	at org.apache.coyote.AbstractProtocol$ConnectionHandler.process(AbstractProtocol.java:853)
	at org.apache.tomcat.util.net.NioEndpoint$SocketProcessor.doRun(NioEndpoint.java:1587)
	at org.apache.tomcat.util.net.SocketProcessorBase.run(SocketProcessorBase.java:49)
	at java.util.concurrent.ThreadPoolExecutor.runWorker(ThreadPoolExecutor.java:1142)
	at java.util.concurrent.ThreadPoolExecutor$Worker.run(ThreadPoolExecutor.java:617)
	at org.apache.tomcat.util.threads.TaskThread$WrappingRunnable.run(TaskThread.java:61)
	at java.lang.Thread.run(Thread.java:745)
2019-07-05 15:50:23.218 [main] ERROR org.apache.catalina.core.AprLifecycleListener - An incompatible version [1.2.12] of the APR based Apache Tomcat Native library is installed, while Tomcat requires version [1.2.14]
2019-07-05 15:50:23.872 [main] ERROR org.apache.catalina.core.AprLifecycleListener - An incompatible version [1.2.12] of the APR based Apache Tomcat Native library is installed, while Tomcat requires version [1.2.14]
2019-07-05 15:50:23.998 [main] ERROR org.apache.catalina.core.AprLifecycleListener - An incompatible version [1.2.12] of the APR based Apache Tomcat Native library is installed, while Tomcat requires version [1.2.14]
2019-07-05 15:55:22.632 [main] ERROR org.apache.catalina.core.AprLifecycleListener - An incompatible version [1.2.12] of the APR based Apache Tomcat Native library is installed, while Tomcat requires version [1.2.14]
2019-07-05 15:55:23.258 [main] ERROR org.apache.catalina.core.AprLifecycleListener - An incompatible version [1.2.12] of the APR based Apache Tomcat Native library is installed, while Tomcat requires version [1.2.14]
2019-07-05 15:55:23.377 [main] ERROR org.apache.catalina.core.AprLifecycleListener - An incompatible version [1.2.12] of the APR based Apache Tomcat Native library is installed, while Tomcat requires version [1.2.14]
2019-07-05 15:56:00.028 [http-nio-8080-exec-3] ERROR o.a.c.c.C.[.[.[/common].[dispatcherServlet] - Servlet.service() for servlet [dispatcherServlet] in context with path [/common] threw exception [Request processing failed; nested exception is tk.mybatis.mapper.MapperException:  TbBaseUserInfo  'tom'@Transient] with root cause
tk.mybatis.mapper.MapperException:  TbBaseUserInfo  'tom'@Transient
	at tk.mybatis.mapper.entity.Example.selectProperties(Example.java:174)
	at com.tong.sevencommon.service.impl.UserInfoServiceImpl.selectAll(UserInfoServiceImpl.java:100)
	at com.tong.sevencommon.controller.UserInfoController.selectAll(UserInfoController.java:58)
	at sun.reflect.NativeMethodAccessorImpl.invoke0(Native Method)
	at sun.reflect.NativeMethodAccessorImpl.invoke(NativeMethodAccessorImpl.java:62)
	at sun.reflect.DelegatingMethodAccessorImpl.invoke(DelegatingMethodAccessorImpl.java:43)
	at java.lang.reflect.Method.invoke(Method.java:498)
	at org.springframework.web.method.support.InvocableHandlerMethod.doInvoke(InvocableHandlerMethod.java:190)
	at org.springframework.web.method.support.InvocableHandlerMethod.invokeForRequest(InvocableHandlerMethod.java:138)
	at org.springframework.web.servlet.mvc.method.annotation.ServletInvocableHandlerMethod.invokeAndHandle(ServletInvocableHandlerMethod.java:104)
	at org.springframework.web.servlet.mvc.method.annotation.RequestMappingHandlerAdapter.invokeHandlerMethod(RequestMappingHandlerAdapter.java:892)
	at org.springframework.web.servlet.mvc.method.annotation.RequestMappingHandlerAdapter.handleInternal(RequestMappingHandlerAdapter.java:797)
	at org.springframework.web.servlet.mvc.method.AbstractHandlerMethodAdapter.handle(AbstractHandlerMethodAdapter.java:87)
	at org.springframework.web.servlet.DispatcherServlet.doDispatch(DispatcherServlet.java:1039)
	at org.springframework.web.servlet.DispatcherServlet.doService(DispatcherServlet.java:942)
	at org.springframework.web.servlet.FrameworkServlet.processRequest(FrameworkServlet.java:1005)
	at org.springframework.web.servlet.FrameworkServlet.doGet(FrameworkServlet.java:897)
	at javax.servlet.http.HttpServlet.service(HttpServlet.java:634)
	at org.springframework.web.servlet.FrameworkServlet.service(FrameworkServlet.java:882)
	at javax.servlet.http.HttpServlet.service(HttpServlet.java:741)
	at org.apache.catalina.core.ApplicationFilterChain.internalDoFilter(ApplicationFilterChain.java:231)
	at org.apache.catalina.core.ApplicationFilterChain.doFilter(ApplicationFilterChain.java:166)
	at org.apache.tomcat.websocket.server.WsFilter.doFilter(WsFilter.java:53)
	at org.apache.catalina.core.ApplicationFilterChain.internalDoFilter(ApplicationFilterChain.java:193)
	at org.apache.catalina.core.ApplicationFilterChain.doFilter(ApplicationFilterChain.java:166)
	at org.springframework.web.filter.RequestContextFilter.doFilterInternal(RequestContextFilter.java:99)
	at org.springframework.web.filter.OncePerRequestFilter.doFilter(OncePerRequestFilter.java:109)
	at org.apache.catalina.core.ApplicationFilterChain.internalDoFilter(ApplicationFilterChain.java:193)
	at org.apache.catalina.core.ApplicationFilterChain.doFilter(ApplicationFilterChain.java:166)
	at org.springframework.web.filter.FormContentFilter.doFilterInternal(FormContentFilter.java:92)
	at org.springframework.web.filter.OncePerRequestFilter.doFilter(OncePerRequestFilter.java:109)
	at org.apache.catalina.core.ApplicationFilterChain.internalDoFilter(ApplicationFilterChain.java:193)
	at org.apache.catalina.core.ApplicationFilterChain.doFilter(ApplicationFilterChain.java:166)
	at org.springframework.web.filter.HiddenHttpMethodFilter.doFilterInternal(HiddenHttpMethodFilter.java:93)
	at org.springframework.web.filter.OncePerRequestFilter.doFilter(OncePerRequestFilter.java:109)
	at org.apache.catalina.core.ApplicationFilterChain.internalDoFilter(ApplicationFilterChain.java:193)
	at org.apache.catalina.core.ApplicationFilterChain.doFilter(ApplicationFilterChain.java:166)
	at org.springframework.web.filter.CharacterEncodingFilter.doFilterInternal(CharacterEncodingFilter.java:200)
	at org.springframework.web.filter.OncePerRequestFilter.doFilter(OncePerRequestFilter.java:109)
	at org.apache.catalina.core.ApplicationFilterChain.internalDoFilter(ApplicationFilterChain.java:193)
	at org.apache.catalina.core.ApplicationFilterChain.doFilter(ApplicationFilterChain.java:166)
	at org.apache.catalina.core.StandardWrapperValve.invoke(StandardWrapperValve.java:202)
	at org.apache.catalina.core.StandardContextValve.invoke(StandardContextValve.java:96)
	at org.apache.catalina.authenticator.AuthenticatorBase.invoke(AuthenticatorBase.java:490)
	at org.apache.catalina.core.StandardHostValve.invoke(StandardHostValve.java:139)
	at org.apache.catalina.valves.ErrorReportValve.invoke(ErrorReportValve.java:92)
	at org.apache.catalina.core.StandardEngineValve.invoke(StandardEngineValve.java:74)
	at org.apache.catalina.connector.CoyoteAdapter.service(CoyoteAdapter.java:343)
	at org.apache.coyote.http11.Http11Processor.service(Http11Processor.java:408)
	at org.apache.coyote.AbstractProcessorLight.process(AbstractProcessorLight.java:66)
	at org.apache.coyote.AbstractProtocol$ConnectionHandler.process(AbstractProtocol.java:853)
	at org.apache.tomcat.util.net.NioEndpoint$SocketProcessor.doRun(NioEndpoint.java:1587)
	at org.apache.tomcat.util.net.SocketProcessorBase.run(SocketProcessorBase.java:49)
	at java.util.concurrent.ThreadPoolExecutor.runWorker(ThreadPoolExecutor.java:1142)
	at java.util.concurrent.ThreadPoolExecutor$Worker.run(ThreadPoolExecutor.java:617)
	at org.apache.tomcat.util.threads.TaskThread$WrappingRunnable.run(TaskThread.java:61)
	at java.lang.Thread.run(Thread.java:745)
2019-07-05 16:42:16.461 [main] ERROR org.apache.catalina.core.AprLifecycleListener - An incompatible version [1.2.12] of the APR based Apache Tomcat Native library is installed, while Tomcat requires version [1.2.14]
2019-07-05 16:42:16.899 [main] ERROR org.apache.catalina.core.AprLifecycleListener - An incompatible version [1.2.12] of the APR based Apache Tomcat Native library is installed, while Tomcat requires version [1.2.14]
2019-07-05 16:42:16.999 [main] ERROR org.apache.catalina.core.AprLifecycleListener - An incompatible version [1.2.12] of the APR based Apache Tomcat Native library is installed, while Tomcat requires version [1.2.14]
2019-07-05 16:42:47.606 [http-nio-8080-exec-2] ERROR o.a.c.c.C.[.[.[/common].[dispatcherServlet] - Servlet.service() for servlet [dispatcherServlet] in context with path [/common] threw exception [Request processing failed; nested exception is org.springframework.jdbc.BadSqlGrammarException: 
### Error querying database.  Cause: java.sql.SQLSyntaxErrorException: You have an error in your SQL syntax; check the manual that corresponds to your MySQL server version for the right syntax to use near 'desc' at line 5
### The error may exist in com/tong/sevencommon/mapper/UserInfoMapper.java (best guess)
### The error may involve com.tong.sevencommon.mapper.UserInfoMapper.selectByExample-Inline
### The error occurred while setting parameters
### SQL: SELECT  id,creater,create_time,updater,update_time,name,pass_word,telephone,address,id_no,remark  FROM tb_base_user_info  WHERE       (  name = ?                                                and id_no = ? ) order by desc
### Cause: java.sql.SQLSyntaxErrorException: You have an error in your SQL syntax; check the manual that corresponds to your MySQL server version for the right syntax to use near 'desc' at line 5
; bad SQL grammar []; nested exception is java.sql.SQLSyntaxErrorException: You have an error in your SQL syntax; check the manual that corresponds to your MySQL server version for the right syntax to use near 'desc' at line 5] with root cause
java.sql.SQLSyntaxErrorException: You have an error in your SQL syntax; check the manual that corresponds to your MySQL server version for the right syntax to use near 'desc' at line 5
	at com.mysql.cj.jdbc.exceptions.SQLError.createSQLException(SQLError.java:120)
	at com.mysql.cj.jdbc.exceptions.SQLError.createSQLException(SQLError.java:97)
	at com.mysql.cj.jdbc.exceptions.SQLExceptionsMapping.translateException(SQLExceptionsMapping.java:122)
	at com.mysql.cj.jdbc.ClientPreparedStatement.executeInternal(ClientPreparedStatement.java:975)
	at com.mysql.cj.jdbc.ClientPreparedStatement.execute(ClientPreparedStatement.java:392)
	at com.zaxxer.hikari.pool.ProxyPreparedStatement.execute(ProxyPreparedStatement.java:44)
	at com.zaxxer.hikari.pool.HikariProxyPreparedStatement.execute(HikariProxyPreparedStatement.java)
	at sun.reflect.NativeMethodAccessorImpl.invoke0(Native Method)
	at sun.reflect.NativeMethodAccessorImpl.invoke(NativeMethodAccessorImpl.java:62)
	at sun.reflect.DelegatingMethodAccessorImpl.invoke(DelegatingMethodAccessorImpl.java:43)
	at java.lang.reflect.Method.invoke(Method.java:498)
	at org.apache.ibatis.logging.jdbc.PreparedStatementLogger.invoke(PreparedStatementLogger.java:59)
	at com.sun.proxy.$Proxy105.execute(Unknown Source)
	at org.apache.ibatis.executor.statement.PreparedStatementHandler.query(PreparedStatementHandler.java:63)
	at org.apache.ibatis.executor.statement.RoutingStatementHandler.query(RoutingStatementHandler.java:79)
	at org.apache.ibatis.executor.SimpleExecutor.doQuery(SimpleExecutor.java:63)
	at org.apache.ibatis.executor.BaseExecutor.queryFromDatabase(BaseExecutor.java:324)
	at org.apache.ibatis.executor.BaseExecutor.query(BaseExecutor.java:156)
	at org.apache.ibatis.executor.CachingExecutor.query(CachingExecutor.java:109)
	at com.github.pagehelper.PageInterceptor.intercept(PageInterceptor.java:143)
	at org.apache.ibatis.plugin.Plugin.invoke(Plugin.java:61)
	at com.sun.proxy.$Proxy103.query(Unknown Source)
	at org.apache.ibatis.session.defaults.DefaultSqlSession.selectList(DefaultSqlSession.java:148)
	at org.apache.ibatis.session.defaults.DefaultSqlSession.selectList(DefaultSqlSession.java:141)
	at sun.reflect.NativeMethodAccessorImpl.invoke0(Native Method)
	at sun.reflect.NativeMethodAccessorImpl.invoke(NativeMethodAccessorImpl.java:62)
	at sun.reflect.DelegatingMethodAccessorImpl.invoke(DelegatingMethodAccessorImpl.java:43)
	at java.lang.reflect.Method.invoke(Method.java:498)
	at org.mybatis.spring.SqlSessionTemplate$SqlSessionInterceptor.invoke(SqlSessionTemplate.java:433)
	at com.sun.proxy.$Proxy73.selectList(Unknown Source)
	at org.mybatis.spring.SqlSessionTemplate.selectList(SqlSessionTemplate.java:230)
	at org.apache.ibatis.binding.MapperMethod.executeForMany(MapperMethod.java:137)
	at org.apache.ibatis.binding.MapperMethod.execute(MapperMethod.java:75)
	at org.apache.ibatis.binding.MapperProxy.invoke(MapperProxy.java:59)
	at com.sun.proxy.$Proxy77.selectByExample(Unknown Source)
	at com.tong.sevencommon.service.impl.UserInfoServiceImpl.selectAll(UserInfoServiceImpl.java:105)
	at com.tong.sevencommon.controller.UserInfoController.selectAll(UserInfoController.java:58)
	at sun.reflect.NativeMethodAccessorImpl.invoke0(Native Method)
	at sun.reflect.NativeMethodAccessorImpl.invoke(NativeMethodAccessorImpl.java:62)
	at sun.reflect.DelegatingMethodAccessorImpl.invoke(DelegatingMethodAccessorImpl.java:43)
	at java.lang.reflect.Method.invoke(Method.java:498)
	at org.springframework.web.method.support.InvocableHandlerMethod.doInvoke(InvocableHandlerMethod.java:190)
	at org.springframework.web.method.support.InvocableHandlerMethod.invokeForRequest(InvocableHandlerMethod.java:138)
	at org.springframework.web.servlet.mvc.method.annotation.ServletInvocableHandlerMethod.invokeAndHandle(ServletInvocableHandlerMethod.java:104)
	at org.springframework.web.servlet.mvc.method.annotation.RequestMappingHandlerAdapter.invokeHandlerMethod(RequestMappingHandlerAdapter.java:892)
	at org.springframework.web.servlet.mvc.method.annotation.RequestMappingHandlerAdapter.handleInternal(RequestMappingHandlerAdapter.java:797)
	at org.springframework.web.servlet.mvc.method.AbstractHandlerMethodAdapter.handle(AbstractHandlerMethodAdapter.java:87)
	at org.springframework.web.servlet.DispatcherServlet.doDispatch(DispatcherServlet.java:1039)
	at org.springframework.web.servlet.DispatcherServlet.doService(DispatcherServlet.java:942)
	at org.springframework.web.servlet.FrameworkServlet.processRequest(FrameworkServlet.java:1005)
	at org.springframework.web.servlet.FrameworkServlet.doGet(FrameworkServlet.java:897)
	at javax.servlet.http.HttpServlet.service(HttpServlet.java:634)
	at org.springframework.web.servlet.FrameworkServlet.service(FrameworkServlet.java:882)
	at javax.servlet.http.HttpServlet.service(HttpServlet.java:741)
	at org.apache.catalina.core.ApplicationFilterChain.internalDoFilter(ApplicationFilterChain.java:231)
	at org.apache.catalina.core.ApplicationFilterChain.doFilter(ApplicationFilterChain.java:166)
	at org.apache.tomcat.websocket.server.WsFilter.doFilter(WsFilter.java:53)
	at org.apache.catalina.core.ApplicationFilterChain.internalDoFilter(ApplicationFilterChain.java:193)
	at org.apache.catalina.core.ApplicationFilterChain.doFilter(ApplicationFilterChain.java:166)
	at org.springframework.web.filter.RequestContextFilter.doFilterInternal(RequestContextFilter.java:99)
	at org.springframework.web.filter.OncePerRequestFilter.doFilter(OncePerRequestFilter.java:109)
	at org.apache.catalina.core.ApplicationFilterChain.internalDoFilter(ApplicationFilterChain.java:193)
	at org.apache.catalina.core.ApplicationFilterChain.doFilter(ApplicationFilterChain.java:166)
	at org.springframework.web.filter.FormContentFilter.doFilterInternal(FormContentFilter.java:92)
	at org.springframework.web.filter.OncePerRequestFilter.doFilter(OncePerRequestFilter.java:109)
	at org.apache.catalina.core.ApplicationFilterChain.internalDoFilter(ApplicationFilterChain.java:193)
	at org.apache.catalina.core.ApplicationFilterChain.doFilter(ApplicationFilterChain.java:166)
	at org.springframework.web.filter.HiddenHttpMethodFilter.doFilterInternal(HiddenHttpMethodFilter.java:93)
	at org.springframework.web.filter.OncePerRequestFilter.doFilter(OncePerRequestFilter.java:109)
	at org.apache.catalina.core.ApplicationFilterChain.internalDoFilter(ApplicationFilterChain.java:193)
	at org.apache.catalina.core.ApplicationFilterChain.doFilter(ApplicationFilterChain.java:166)
	at org.springframework.web.filter.CharacterEncodingFilter.doFilterInternal(CharacterEncodingFilter.java:200)
	at org.springframework.web.filter.OncePerRequestFilter.doFilter(OncePerRequestFilter.java:109)
	at org.apache.catalina.core.ApplicationFilterChain.internalDoFilter(ApplicationFilterChain.java:193)
	at org.apache.catalina.core.ApplicationFilterChain.doFilter(ApplicationFilterChain.java:166)
	at org.apache.catalina.core.StandardWrapperValve.invoke(StandardWrapperValve.java:202)
	at org.apache.catalina.core.StandardContextValve.invoke(StandardContextValve.java:96)
	at org.apache.catalina.authenticator.AuthenticatorBase.invoke(AuthenticatorBase.java:490)
	at org.apache.catalina.core.StandardHostValve.invoke(StandardHostValve.java:139)
	at org.apache.catalina.valves.ErrorReportValve.invoke(ErrorReportValve.java:92)
	at org.apache.catalina.core.StandardEngineValve.invoke(StandardEngineValve.java:74)
	at org.apache.catalina.connector.CoyoteAdapter.service(CoyoteAdapter.java:343)
	at org.apache.coyote.http11.Http11Processor.service(Http11Processor.java:408)
	at org.apache.coyote.AbstractProcessorLight.process(AbstractProcessorLight.java:66)
	at org.apache.coyote.AbstractProtocol$ConnectionHandler.process(AbstractProtocol.java:853)
	at org.apache.tomcat.util.net.NioEndpoint$SocketProcessor.doRun(NioEndpoint.java:1587)
	at org.apache.tomcat.util.net.SocketProcessorBase.run(SocketProcessorBase.java:49)
	at java.util.concurrent.ThreadPoolExecutor.runWorker(ThreadPoolExecutor.java:1142)
	at java.util.concurrent.ThreadPoolExecutor$Worker.run(ThreadPoolExecutor.java:617)
	at org.apache.tomcat.util.threads.TaskThread$WrappingRunnable.run(TaskThread.java:61)
	at java.lang.Thread.run(Thread.java:745)
2019-07-05 16:44:32.396 [main] ERROR org.apache.catalina.core.AprLifecycleListener - An incompatible version [1.2.12] of the APR based Apache Tomcat Native library is installed, while Tomcat requires version [1.2.14]
2019-07-05 16:44:32.814 [main] ERROR org.apache.catalina.core.AprLifecycleListener - An incompatible version [1.2.12] of the APR based Apache Tomcat Native library is installed, while Tomcat requires version [1.2.14]
2019-07-05 16:44:32.893 [main] ERROR org.apache.catalina.core.AprLifecycleListener - An incompatible version [1.2.12] of the APR based Apache Tomcat Native library is installed, while Tomcat requires version [1.2.14]
2019-07-05 16:45:42.551 [main] ERROR org.apache.catalina.core.AprLifecycleListener - An incompatible version [1.2.12] of the APR based Apache Tomcat Native library is installed, while Tomcat requires version [1.2.14]
2019-07-05 16:45:42.965 [main] ERROR org.apache.catalina.core.AprLifecycleListener - An incompatible version [1.2.12] of the APR based Apache Tomcat Native library is installed, while Tomcat requires version [1.2.14]
2019-07-05 16:45:43.041 [main] ERROR org.apache.catalina.core.AprLifecycleListener - An incompatible version [1.2.12] of the APR based Apache Tomcat Native library is installed, while Tomcat requires version [1.2.14]
2019-07-05 16:48:10.220 [main] ERROR org.apache.catalina.core.AprLifecycleListener - An incompatible version [1.2.12] of the APR based Apache Tomcat Native library is installed, while Tomcat requires version [1.2.14]
2019-07-05 16:48:10.641 [main] ERROR org.apache.catalina.core.AprLifecycleListener - An incompatible version [1.2.12] of the APR based Apache Tomcat Native library is installed, while Tomcat requires version [1.2.14]
2019-07-05 16:48:10.726 [main] ERROR org.apache.catalina.core.AprLifecycleListener - An incompatible version [1.2.12] of the APR based Apache Tomcat Native library is installed, while Tomcat requires version [1.2.14]
